{"uuid":"5848df6f-0415-490b-abea-d4e768d4226f","name":"Scenario: Totall Order Count in Profile page","children":["db7c3aab-7dce-4ac0-83e4-2445c3cb11a1"],"befores":[{"name":"step_definations.Hooks.setup()","status":"broken","statusDetails":{"known":false,"muted":false,"flaky":false,"message":"BEFORE is failed: session not created: This version of ChromeDriver only supports Chrome version 114\nCurrent browser version is 136.0.7103.93 with binary path C:\\Program Files\\Google\\Chrome\\Application\\chrome.exe\nBuild info: version: '3.141.59', revision: 'e82be7d358', time: '2018-11-14T08:17:03'\nSystem info: host: 'TAREK', ip: '192.168.129.130', os.name: 'Windows 11', os.arch: 'amd64', os.version: '10.0', java.version: '21.0.5'\nDriver info: driver.version: ChromeDriver\nremote stacktrace: Backtrace:\n\tGetHandleVerifier [0x0032A813+48355]\n\t(No symbol) [0x002BC4B1]\n\t(No symbol) [0x001C5358]\n\t(No symbol) [0x001E61AC]\n\t(No symbol) [0x001E1EF3]\n\t(No symbol) [0x001E0579]\n\t(No symbol) [0x00210C55]\n\t(No symbol) [0x0021093C]\n\t(No symbol) [0x0020A536]\n\t(No symbol) [0x001E82DC]\n\t(No symbol) [0x001E93DD]\n\tGetHandleVerifier [0x0058AABD+2539405]\n\tGetHandleVerifier [0x005CA78F+2800735]\n\tGetHandleVerifier [0x005C456C+2775612]\n\tGetHandleVerifier [0x003B51E0+616112]\n\t(No symbol) [0x002C5F8C]\n\t(No symbol) [0x002C2328]\n\t(No symbol) [0x002C240B]\n\t(No symbol) [0x002B4FF7]\n\tBaseThreadInitThunk [0x75855D49+25]\n\tRtlInitializeExceptionChain [0x77BFD03B+107]\n\tRtlGetAppContainerNamedObjectPath [0x77BFCFC1+561]\n","trace":"org.openqa.selenium.SessionNotCreatedException: session not created: This version of ChromeDriver only supports Chrome version 114\nCurrent browser version is 136.0.7103.93 with binary path C:\\Program Files\\Google\\Chrome\\Application\\chrome.exe\nBuild info: version: '3.141.59', revision: 'e82be7d358', time: '2018-11-14T08:17:03'\nSystem info: host: 'TAREK', ip: '192.168.129.130', os.name: 'Windows 11', os.arch: 'amd64', os.version: '10.0', java.version: '21.0.5'\nDriver info: driver.version: ChromeDriver\nremote stacktrace: Backtrace:\n\tGetHandleVerifier [0x0032A813+48355]\n\t(No symbol) [0x002BC4B1]\n\t(No symbol) [0x001C5358]\n\t(No symbol) [0x001E61AC]\n\t(No symbol) [0x001E1EF3]\n\t(No symbol) [0x001E0579]\n\t(No symbol) [0x00210C55]\n\t(No symbol) [0x0021093C]\n\t(No symbol) [0x0020A536]\n\t(No symbol) [0x001E82DC]\n\t(No symbol) [0x001E93DD]\n\tGetHandleVerifier [0x0058AABD+2539405]\n\tGetHandleVerifier [0x005CA78F+2800735]\n\tGetHandleVerifier [0x005C456C+2775612]\n\tGetHandleVerifier [0x003B51E0+616112]\n\t(No symbol) [0x002C5F8C]\n\t(No symbol) [0x002C2328]\n\t(No symbol) [0x002C240B]\n\t(No symbol) [0x002B4FF7]\n\tBaseThreadInitThunk [0x75855D49+25]\n\tRtlInitializeExceptionChain [0x77BFD03B+107]\n\tRtlGetAppContainerNamedObjectPath [0x77BFCFC1+561]\n\r\n\tat java.base/jdk.internal.reflect.DirectConstructorHandleAccessor.newInstance(DirectConstructorHandleAccessor.java:62)\r\n\tat java.base/java.lang.reflect.Constructor.newInstanceWithCaller(Constructor.java:502)\r\n\tat java.base/java.lang.reflect.Constructor.newInstance(Constructor.java:486)\r\n\tat org.openqa.selenium.remote.W3CHandshakeResponse.lambda$errorHandler$0(W3CHandshakeResponse.java:62)\r\n\tat org.openqa.selenium.remote.HandshakeResponse.lambda$getResponseFunction$0(HandshakeResponse.java:30)\r\n\tat org.openqa.selenium.remote.ProtocolHandshake.lambda$createSession$0(ProtocolHandshake.java:126)\r\n\tat java.base/java.util.stream.ReferencePipeline$3$1.accept(ReferencePipeline.java:197)\r\n\tat java.base/java.util.Spliterators$ArraySpliterator.tryAdvance(Spliterators.java:1034)\r\n\tat java.base/java.util.stream.ReferencePipeline.forEachWithCancel(ReferencePipeline.java:129)\r\n\tat java.base/java.util.stream.AbstractPipeline.copyIntoWithCancel(AbstractPipeline.java:527)\r\n\tat java.base/java.util.stream.AbstractPipeline.copyInto(AbstractPipeline.java:513)\r\n\tat java.base/java.util.stream.AbstractPipeline.wrapAndCopyInto(AbstractPipeline.java:499)\r\n\tat java.base/java.util.stream.FindOps$FindOp.evaluateSequential(FindOps.java:150)\r\n\tat java.base/java.util.stream.AbstractPipeline.evaluate(AbstractPipeline.java:234)\r\n\tat java.base/java.util.stream.ReferencePipeline.findFirst(ReferencePipeline.java:647)\r\n\tat org.openqa.selenium.remote.ProtocolHandshake.createSession(ProtocolHandshake.java:128)\r\n\tat org.openqa.selenium.remote.ProtocolHandshake.createSession(ProtocolHandshake.java:74)\r\n\tat org.openqa.selenium.remote.HttpCommandExecutor.execute(HttpCommandExecutor.java:136)\r\n\tat org.openqa.selenium.remote.service.DriverCommandExecutor.execute(DriverCommandExecutor.java:83)\r\n\tat org.openqa.selenium.remote.RemoteWebDriver.execute(RemoteWebDriver.java:552)\r\n\tat org.openqa.selenium.remote.RemoteWebDriver.startSession(RemoteWebDriver.java:213)\r\n\tat org.openqa.selenium.remote.RemoteWebDriver.<init>(RemoteWebDriver.java:131)\r\n\tat org.openqa.selenium.chrome.ChromeDriver.<init>(ChromeDriver.java:181)\r\n\tat org.openqa.selenium.chrome.ChromeDriver.<init>(ChromeDriver.java:168)\r\n\tat org.openqa.selenium.chrome.ChromeDriver.<init>(ChromeDriver.java:157)\r\n\tat step_definations.Hooks.setup(Hooks.java:47)\r\n"},"stage":"finished","steps":[],"attachments":[],"parameters":[],"start":1747337966579,"stop":1747337968896}],"afters":[{"name":"step_definations.Hooks.teardown()","status":"broken","statusDetails":{"known":false,"muted":false,"flaky":false,"message":"AFTER is failed: Cannot invoke \"org.openqa.selenium.WebDriver.quit()\" because \"step_definations.Hooks.driver\" is null","trace":"java.lang.NullPointerException: Cannot invoke \"org.openqa.selenium.WebDriver.quit()\" because \"step_definations.Hooks.driver\" is null\r\n\tat step_definations.Hooks.teardown(Hooks.java:80)\r\n"},"stage":"finished","steps":[],"attachments":[],"parameters":[],"start":1747337968917,"stop":1747337968919}],"start":1747337966572,"stop":1747337968930}